<?xml version="1.0" encoding="UTF-8"?>
<testsuite name="hello.login.web.session.SessionManagerTest" tests="1" skipped="0" failures="0" errors="0" timestamp="2022-03-27T06:47:18" hostname="gimdong-ug-ui-MacBookPro.local" time="0.065">
  <properties/>
  <testcase name="sessionTest()" classname="hello.login.web.session.SessionManagerTest" time="0.065"/>
  <system-out><![CDATA[]]></system-out>
  <system-err><![CDATA[]]></system-err>
</testsuite>
